SF:lib\core\utils\helpers\utility.dart
DA:4,1
DA:5,1
DA:6,1
DA:7,0
DA:8,0
DA:9,0
DA:10,0
LF:7
LH:3
end_of_record
SF:lib\core\utils\helpers\converters.dart
DA:4,24
DA:6,4
DA:7,4
DA:9,2
DA:11,2
DA:12,2
LF:6
LH:6
end_of_record
SF:lib\core\theme\fiscal_theme.dart
DA:35,21
DA:40,8
DA:41,9
DA:46,6
DA:51,9
DA:56,9
DA:61,18
DA:67,15
DA:72,15
DA:77,15
LF:10
LH:10
end_of_record
SF:lib\core\utils\extensions\string_extensions.dart
DA:2,72
DA:4,72
LF:2
LH:2
end_of_record
SF:lib\core\utils\extensions\date_extensions.dart
DA:4,12
DA:6,0
LF:2
LH:1
end_of_record
SF:lib\core\utils\routing\router.dart
DA:8,0
DA:9,0
DA:10,0
DA:11,0
DA:12,0
DA:13,0
DA:14,0
DA:15,0
DA:17,0
DA:18,0
DA:19,0
DA:21,0
DA:23,0
DA:27,0
DA:28,0
DA:35,0
DA:36,0
DA:37,0
DA:38,0
DA:40,0
DA:41,0
LF:21
LH:0
end_of_record
SF:lib\core\utils\routing\navigation_service.dart
DA:8,0
DA:10,0
DA:11,0
DA:15,0
DA:16,0
DA:19,0
DA:21,0
DA:22,0
DA:26,0
DA:27,0
DA:30,0
DA:32,0
DA:33,0
DA:37,0
DA:38,0
DA:42,0
DA:44,0
DA:45,0
DA:49,0
DA:50,0
DA:53,0
DA:54,0
DA:59,0
LF:23
LH:0
end_of_record
SF:lib\core\error\exceptions.dart
DA:7,2
DA:16,2
DA:24,0
LF:3
LH:2
end_of_record
SF:lib\core\error\failure.dart
DA:5,4
DA:11,6
DA:13,1
DA:14,2
DA:20,3
DA:22,1
DA:23,2
DA:29,0
DA:31,0
DA:32,0
LF:10
LH:7
end_of_record
SF:lib\core\usecase\transaction_param.dart
DA:13,6
DA:22,0
DA:23,0
LF:3
LH:1
end_of_record
SF:lib\core\utils\static\enums.dart
DA:1,29
DA:2,27
LF:2
LH:2
end_of_record
SF:lib\core\usecase\usecase.dart
DA:11,1
DA:12,1
DA:18,6
DA:20,1
DA:21,1
LF:5
LH:5
end_of_record
SF:lib\presentation\screens\home\add_new_transaction.dart
DA:11,2
DA:13,1
DA:15,1
DA:16,1
DA:17,1
DA:18,0
DA:19,1
DA:21,1
DA:22,1
DA:24,1
DA:25,1
DA:26,1
DA:28,1
DA:29,1
DA:30,1
DA:31,3
DA:32,1
DA:40,1
DA:42,1
DA:43,1
DA:44,0
DA:46,0
DA:72,0
DA:74,0
LF:24
LH:19
end_of_record
SF:lib\presentation\screens\home\landing.dart
DA:14,1
DA:15,1
DA:21,0
DA:24,1
DA:26,1
DA:28,1
DA:30,2
DA:31,2
DA:32,2
DA:33,3
DA:34,3
DA:35,3
DA:38,1
DA:39,3
DA:45,1
DA:47,2
DA:49,1
DA:50,1
DA:51,2
DA:52,1
DA:53,1
DA:54,0
DA:56,1
DA:62,0
DA:63,1
DA:65,1
DA:66,4
DA:72,1
DA:73,1
DA:74,1
DA:75,2
DA:76,2
DA:78,1
DA:79,1
DA:81,1
DA:82,1
DA:85,1
DA:89,1
DA:91,1
DA:92,1
DA:93,0
DA:94,1
DA:96,2
DA:99,1
DA:100,1
DA:101,2
DA:102,1
DA:104,2
DA:107,1
DA:108,0
DA:109,1
DA:111,2
DA:114,1
DA:115,0
DA:116,1
DA:118,2
DA:121,1
DA:122,0
DA:123,1
DA:125,2
DA:133,4
DA:135,1
DA:136,1
DA:137,3
DA:138,3
DA:141,2
LF:66
LH:59
end_of_record
SF:lib\presentation\screens\home\update_transaction.dart
DA:14,2
DA:16,1
DA:18,1
DA:19,1
DA:20,1
DA:21,0
DA:22,1
DA:24,1
DA:25,1
DA:27,1
DA:28,1
DA:29,1
DA:31,1
DA:32,1
DA:33,1
DA:34,3
DA:35,1
DA:43,1
DA:45,1
DA:46,1
DA:47,1
DA:49,0
DA:51,0
DA:64,0
DA:66,0
DA:77,0
LF:26
LH:20
end_of_record
SF:lib\data\datasources\local\transaction_local_data_source.dart
DA:26,1
DA:29,1
DA:30,1
DA:33,2
DA:34,3
DA:36,1
DA:37,4
DA:38,3
DA:40,1
DA:41,2
DA:45,1
DA:47,1
DA:54,2
DA:59,1
DA:60,1
DA:63,4
DA:64,3
DA:66,1
DA:67,2
DA:71,1
DA:73,1
DA:80,2
DA:85,1
DA:86,1
DA:89,2
DA:90,1
DA:96,1
DA:99,3
DA:100,4
DA:102,1
DA:103,2
DA:107,1
DA:111,1
DA:118,2
DA:123,1
DA:124,1
DA:127,2
DA:128,6
DA:130,5
DA:132,4
DA:133,3
DA:135,1
DA:136,1
DA:140,1
DA:142,1
DA:149,2
DA:154,1
DA:155,1
DA:158,2
DA:159,7
DA:161,6
DA:162,2
DA:163,6
DA:164,1
DA:167,4
DA:168,3
DA:170,1
DA:171,2
DA:175,1
DA:177,1
DA:184,2
LF:61
LH:61
end_of_record
SF:lib\data\datasources\remote\transaction_remote_data_source.dart
DA:48,1
DA:51,1
DA:53,1
DA:57,1
DA:59,4
DA:67,2
DA:71,4
DA:79,2
DA:82,4
DA:83,1
DA:85,1
DA:86,2
DA:91,1
DA:93,1
DA:95,1
DA:102,2
DA:107,1
DA:108,1
DA:111,4
DA:117,1
DA:120,4
DA:122,1
DA:123,2
DA:127,1
DA:131,1
DA:138,2
DA:143,1
DA:144,1
DA:147,3
DA:149,1
DA:153,1
DA:154,0
DA:159,0
DA:162,3
DA:163,1
DA:164,0
DA:165,0
DA:169,0
DA:171,4
DA:173,1
DA:174,1
DA:178,1
DA:180,1
DA:182,1
DA:189,2
DA:194,1
DA:195,1
DA:199,1
DA:204,3
DA:206,1
DA:207,1
DA:213,1
DA:216,1
DA:217,2
DA:222,1
DA:223,5
DA:224,5
DA:226,2
DA:227,0
DA:228,0
DA:231,1
DA:235,1
DA:242,2
DA:247,1
DA:248,1
DA:251,3
DA:252,1
DA:253,1
DA:256,4
DA:258,1
DA:259,2
DA:263,1
DA:267,1
DA:268,1
DA:274,2
DA:279,1
DA:280,1
DA:283,3
DA:285,1
DA:286,1
DA:288,1
DA:290,1
DA:291,2
DA:295,1
DA:299,1
DA:300,1
DA:306,2
DA:311,1
DA:313,1
DA:316,3
DA:317,3
DA:319,1
DA:320,1
DA:321,1
DA:323,1
DA:325,4
DA:331,1
DA:332,2
DA:335,1
DA:336,2
DA:340,1
DA:342,1
DA:344,1
DA:345,2
DA:351,2
DA:356,1
DA:357,1
DA:360,4
DA:362,4
DA:364,1
DA:365,2
DA:369,1
DA:373,1
DA:380,2
LF:114
LH:107
end_of_record
SF:lib\data\db\database.dart
DA:7,0
DA:11,0
DA:13,0
DA:16,0
DA:20,0
DA:21,0
DA:22,0
DA:24,0
DA:27,0
DA:31,0
DA:33,0
DA:34,0
DA:37,0
DA:42,0
DA:44,0
DA:45,0
DA:46,0
DA:47,0
DA:50,0
DA:64,0
DA:67,0
DA:68,0
DA:70,0
LF:23
LH:0
end_of_record
SF:lib\data\models\core\account_model.dart
DA:16,5
DA:24,5
DA:34,2
DA:35,2
DA:36,6
DA:37,6
DA:38,4
DA:39,4
DA:40,8
DA:41,6
DA:42,6
DA:46,1
DA:47,1
DA:48,3
DA:49,3
DA:50,2
DA:53,1
DA:55,0
DA:56,4
DA:60,3
DA:61,3
DA:62,9
DA:63,6
DA:64,9
DA:65,3
DA:66,6
DA:72,2
DA:73,1
DA:74,1
DA:75,2
DA:76,1
DA:77,1
DA:78,3
DA:81,2
DA:82,1
DA:83,1
DA:84,1
DA:85,2
DA:86,1
DA:87,1
DA:88,3
LF:41
LH:40
end_of_record
SF:lib\domain\enitities\core\account.dart
DA:13,10
DA:23,2
DA:24,10
LF:3
LH:3
end_of_record
SF:lib\data\models\core\category_model.dart
DA:13,5
DA:20,5
DA:29,2
DA:30,2
DA:31,6
DA:32,4
DA:33,4
DA:34,4
DA:35,6
DA:36,6
DA:40,1
DA:41,1
DA:42,3
DA:43,2
DA:44,2
DA:45,2
DA:46,1
DA:48,3
DA:49,4
DA:53,3
DA:54,3
DA:55,9
DA:57,9
DA:58,9
DA:60,3
DA:64,2
DA:65,1
DA:66,1
DA:67,2
DA:68,1
DA:69,3
DA:72,2
DA:73,1
DA:74,1
DA:75,1
DA:76,2
DA:77,1
DA:78,3
LF:38
LH:38
end_of_record
SF:lib\domain\enitities\core\category.dart
DA:12,10
DA:21,2
DA:22,12
LF:3
LH:3
end_of_record
SF:lib\data\models\transactions\transaction_model.dart
DA:19,4
DA:30,4
DA:43,2
DA:44,2
DA:45,4
DA:46,4
DA:47,6
DA:48,4
DA:49,6
DA:50,8
DA:51,6
DA:52,6
DA:53,2
DA:54,2
DA:58,1
DA:59,1
DA:60,2
DA:61,2
DA:62,3
DA:63,2
DA:64,3
DA:65,4
DA:66,3
DA:67,3
DA:68,1
DA:69,1
DA:73,2
DA:79,2
DA:80,4
DA:81,2
DA:82,2
DA:83,2
DA:84,2
DA:85,2
DA:86,2
DA:87,2
DA:88,2
DA:90,0
DA:91,0
DA:92,0
DA:93,0
DA:94,0
DA:95,0
DA:97,2
DA:99,0
DA:100,0
DA:101,0
DA:102,0
DA:103,0
DA:104,0
DA:105,0
DA:106,0
DA:111,4
DA:112,2
DA:113,2
DA:114,2
DA:115,4
DA:116,2
DA:117,2
DA:118,4
DA:121,4
DA:122,2
DA:123,2
DA:124,2
DA:125,2
DA:126,4
DA:127,2
DA:128,2
DA:129,4
DA:130,6
DA:131,6
DA:132,6
DA:133,6
LF:73
LH:59
end_of_record
SF:lib\domain\enitities\transactions\transaction.dart
DA:17,17
DA:30,0
DA:33,0
DA:42,4
DA:43,24
LF:5
LH:3
end_of_record
SF:lib\data\repositories\transaction_repository_impl.dart
DA:21,1
DA:24,1
DA:26,1
DA:29,3
DA:30,1
DA:31,1
DA:32,1
DA:33,1
DA:34,3
DA:35,3
DA:40,1
DA:41,1
DA:44,3
DA:46,1
DA:47,1
DA:48,2
DA:52,1
DA:53,1
DA:57,3
DA:58,3
DA:59,1
DA:60,2
DA:64,1
DA:66,1
DA:67,1
DA:68,3
DA:69,3
DA:70,1
DA:71,3
DA:72,3
DA:77,1
DA:78,1
DA:81,1
DA:82,3
DA:84,1
DA:85,3
DA:87,1
DA:88,2
DA:92,1
DA:94,1
DA:95,1
DA:96,3
DA:97,3
DA:98,0
DA:99,0
DA:100,0
DA:105,1
DA:107,1
DA:109,3
DA:111,1
DA:116,1
DA:118,1
DA:119,1
DA:120,3
DA:121,3
DA:126,1
DA:128,1
DA:130,1
DA:131,3
DA:133,1
DA:134,2
DA:138,1
DA:140,1
DA:141,1
DA:142,3
DA:143,3
DA:148,1
DA:149,1
DA:152,1
DA:154,3
DA:155,2
DA:156,4
DA:158,1
DA:159,2
DA:163,1
DA:165,2
DA:166,1
DA:167,3
DA:168,3
DA:169,0
DA:170,0
DA:171,0
DA:176,1
DA:177,1
DA:180,3
DA:181,3
DA:183,1
DA:184,1
DA:188,1
DA:190,1
DA:191,1
DA:192,3
DA:193,3
DA:194,0
DA:195,0
DA:196,0
DA:201,1
DA:203,1
DA:204,3
DA:206,1
DA:207,2
DA:211,1
DA:213,1
DA:214,1
DA:215,3
DA:216,3
LF:106
LH:97
end_of_record
SF:lib\di\locator.dart
DA:14,6
DA:16,0
DA:18,0
DA:19,0
DA:20,0
DA:21,0
DA:22,0
DA:23,0
DA:24,0
DA:25,0
DA:26,0
DA:27,0
DA:32,0
DA:33,0
DA:34,0
DA:35,0
DA:36,0
DA:37,0
DA:38,0
DA:39,0
DA:42,0
DA:43,0
DA:44,0
DA:45,0
DA:50,0
DA:51,0
DA:54,0
DA:55,0
DA:57,0
DA:58,0
DA:61,0
LF:31
LH:1
end_of_record
SF:lib\domain\usecases\core\get_categories.dart
DA:13,1
DA:16,1
DA:17,1
DA:19,5
LF:4
LH:4
end_of_record
SF:lib\presentation\provider\transaction_provider.dart
DA:12,28
DA:44,1
DA:66,0
DA:68,2
DA:70,2
DA:72,1
DA:73,1
DA:75,1
DA:76,1
DA:78,4
DA:80,2
DA:81,2
DA:82,1
DA:83,1
DA:85,1
DA:86,3
DA:90,1
DA:91,2
DA:92,1
DA:93,1
DA:95,1
DA:101,1
DA:104,1
DA:105,1
DA:106,2
DA:108,4
DA:109,1
DA:110,1
DA:112,3
DA:113,1
DA:114,1
DA:118,2
DA:119,2
DA:120,1
DA:121,1
DA:123,1
DA:124,3
DA:128,1
DA:129,7
DA:130,1
DA:131,1
DA:133,1
DA:139,1
DA:142,1
DA:155,1
DA:156,1
DA:157,2
DA:163,1
DA:164,1
DA:166,1
DA:175,1
DA:176,1
DA:179,3
DA:180,2
DA:183,2
DA:184,2
DA:185,1
DA:186,1
DA:188,1
DA:189,3
DA:193,1
DA:194,1
DA:195,1
DA:197,1
DA:203,1
DA:206,1
DA:207,1
DA:209,1
DA:210,1
DA:212,4
DA:214,2
DA:215,2
DA:216,1
DA:217,1
DA:219,1
DA:220,3
DA:224,1
DA:225,2
DA:226,1
DA:227,1
DA:229,1
DA:235,1
DA:238,1
DA:239,2
DA:241,1
DA:242,1
DA:244,5
DA:246,2
DA:247,2
DA:248,1
DA:249,1
DA:251,1
DA:252,3
DA:256,1
DA:258,0
DA:259,0
DA:261,1
DA:262,1
DA:264,1
DA:270,1
DA:273,1
DA:274,1
DA:276,1
DA:277,1
DA:279,3
DA:280,2
DA:283,2
DA:284,2
DA:285,1
DA:286,1
DA:288,1
DA:289,3
DA:293,1
DA:314,1
DA:315,1
DA:317,1
DA:323,1
DA:326,1
DA:329,1
DA:331,5
DA:333,2
DA:334,1
DA:336,1
DA:337,3
DA:341,1
DA:344,1
DA:350,1
DA:352,0
DA:355,1
DA:358,1
DA:360,4
DA:362,2
DA:363,1
DA:365,1
DA:366,3
DA:370,1
DA:373,1
DA:379,1
DA:381,0
DA:390,1
DA:396,0
DA:397,0
DA:400,0
DA:401,0
DA:404,0
DA:405,0
LF:146
LH:135
end_of_record
SF:lib\domain\usecases\core\get_accounts.dart
DA:13,1
DA:16,1
DA:17,1
DA:19,3
LF:4
LH:4
end_of_record
SF:lib\domain\usecases\transactions\add_new_transaction.dart
DA:12,1
DA:15,1
DA:16,1
DA:18,5
LF:4
LH:4
end_of_record
SF:lib\domain\usecases\transactions\delete_transaction.dart
DA:12,1
DA:15,1
DA:16,1
DA:18,5
LF:4
LH:4
end_of_record
SF:lib\domain\usecases\transactions\get_all_transactions.dart
DA:13,1
DA:16,1
DA:17,1
DA:19,3
DA:20,2
DA:21,2
DA:22,2
LF:7
LH:7
end_of_record
SF:lib\domain\usecases\transactions\get_daily_summary.dart
DA:12,1
DA:15,1
DA:16,1
DA:18,3
LF:4
LH:4
end_of_record
SF:lib\domain\usecases\transactions\get_recent_transactions.dart
DA:13,1
DA:15,1
DA:16,1
DA:18,3
LF:4
LH:4
end_of_record
SF:lib\domain\usecases\transactions\update_transaction.dart
DA:12,1
DA:15,1
DA:16,1
DA:18,5
LF:4
LH:4
end_of_record
SF:lib\presentation\widgets\home\screen_title.dart
DA:8,5
DA:12,5
DA:14,5
DA:16,10
DA:18,5
DA:19,5
DA:20,5
DA:23,5
DA:24,25
DA:25,10
DA:26,1
DA:27,15
LF:12
LH:12
end_of_record
SF:lib\presentation\widgets\home\transaction_form.dart
DA:19,3
DA:24,0
DA:25,3
DA:27,3
DA:28,3
DA:51,3
DA:53,3
DA:55,6
DA:56,6
DA:57,6
DA:58,6
DA:60,10
DA:61,10
DA:62,10
DA:63,12
DA:64,12
DA:65,10
DA:66,8
DA:70,16
DA:71,3
DA:72,21
DA:73,6
DA:74,3
DA:75,3
DA:76,3
DA:77,20
DA:78,3
DA:79,20
DA:80,3
DA:81,9
DA:85,3
DA:87,3
DA:89,6
DA:90,6
DA:91,6
DA:92,6
DA:95,3
DA:97,6
DA:99,3
DA:100,3
DA:101,3
DA:102,3
DA:103,3
DA:105,3
DA:106,3
DA:108,3
DA:109,3
DA:110,3
DA:111,3
DA:112,3
DA:113,3
DA:117,3
DA:118,3
DA:122,3
DA:124,0
DA:125,0
DA:128,3
DA:130,3
DA:131,6
DA:132,3
DA:133,3
DA:134,3
DA:135,3
DA:136,0
DA:137,3
DA:138,3
DA:139,3
DA:143,3
DA:144,3
DA:149,3
DA:150,3
DA:151,3
DA:153,3
DA:155,3
DA:157,3
DA:163,3
DA:165,3
DA:166,3
DA:167,3
DA:168,3
DA:169,3
DA:170,3
DA:174,3
DA:175,3
DA:179,3
DA:180,3
DA:181,0
DA:184,0
DA:186,0
DA:191,0
DA:194,3
DA:196,3
DA:197,6
DA:198,3
DA:199,3
DA:200,0
DA:201,3
DA:202,0
DA:203,3
DA:204,3
DA:205,3
DA:209,3
DA:210,3
DA:215,3
DA:216,3
DA:217,5
DA:218,3
DA:219,1
DA:220,2
DA:222,3
DA:226,3
DA:228,3
DA:229,6
DA:230,3
DA:231,3
DA:232,0
DA:233,3
DA:234,0
DA:235,3
DA:236,3
DA:237,3
DA:241,3
DA:242,3
DA:247,3
DA:248,3
DA:249,5
DA:250,3
DA:251,1
DA:252,4
DA:254,3
DA:258,3
DA:260,3
DA:261,3
DA:263,3
DA:264,3
DA:265,3
DA:269,3
DA:270,3
DA:273,3
DA:274,3
DA:275,3
DA:276,3
DA:278,3
DA:285,3
DA:287,3
DA:288,3
DA:289,3
DA:290,3
DA:291,3
DA:292,3
DA:297,3
DA:298,3
DA:304,3
DA:306,0
DA:309,3
DA:310,3
DA:311,3
DA:312,3
DA:313,12
DA:314,3
DA:315,6
DA:316,0
DA:317,12
DA:318,0
DA:322,3
DA:323,3
DA:324,3
DA:325,3
DA:326,3
DA:327,6
DA:328,9
DA:329,3
DA:331,3
DA:333,9
DA:344,0
DA:345,0
DA:349,0
DA:350,0
DA:352,0
DA:357,0
DA:358,0
DA:359,0
DA:360,0
DA:361,0
DA:362,0
DA:363,0
DA:364,0
DA:365,0
DA:366,0
DA:367,0
DA:368,0
DA:369,0
DA:370,0
DA:371,0
DA:375,0
DA:376,0
DA:378,0
DA:380,0
DA:385,0
DA:388,0
DA:389,0
DA:396,0
DA:397,0
DA:399,0
DA:400,0
DA:401,0
DA:402,0
DA:406,0
DA:407,0
DA:408,0
DA:409,0
DA:410,0
DA:411,0
DA:418,0
DA:424,0
DA:426,0
DA:427,0
DA:434,6
DA:436,3
DA:438,12
LF:220
LH:162
end_of_record
SF:lib\presentation\screens\home\home.dart
DA:8,4
DA:10,2
DA:12,2
DA:13,2
DA:14,2
DA:16,2
DA:18,2
DA:19,2
DA:20,2
DA:21,2
DA:22,4
DA:23,4
DA:26,2
DA:31,2
DA:33,2
DA:34,4
DA:35,2
DA:36,0
DA:37,2
DA:39,2
DA:41,2
DA:43,2
DA:44,2
LF:23
LH:22
end_of_record
SF:lib\presentation\screens\home\recent_transactions.dart
DA:9,29
DA:11,3
DA:12,3
DA:16,3
DA:18,3
DA:20,9
DA:21,9
DA:25,3
DA:26,3
DA:27,3
DA:28,12
DA:29,0
DA:30,6
DA:31,0
DA:33,9
DA:37,6
DA:38,0
DA:39,3
DA:41,3
DA:43,3
DA:44,3
DA:45,6
DA:46,3
DA:47,6
DA:48,3
DA:49,6
DA:51,0
LF:27
LH:23
end_of_record
SF:lib\presentation\widgets\home\transactions_summary.dart
DA:10,29
DA:12,3
DA:13,3
DA:17,3
DA:19,3
DA:21,9
DA:22,9
DA:26,3
DA:28,6
DA:30,6
DA:31,6
DA:33,3
DA:34,6
DA:35,3
DA:36,3
DA:39,3
DA:43,3
DA:45,3
DA:47,3
DA:48,3
DA:49,6
DA:50,0
DA:51,6
DA:52,0
DA:56,15
DA:57,15
DA:58,3
DA:60,3
DA:63,3
DA:64,6
DA:65,3
DA:66,3
DA:67,3
DA:68,6
DA:69,3
DA:70,3
DA:71,9
DA:75,3
DA:79,3
DA:90,3
DA:91,3
DA:92,3
DA:93,3
DA:95,9
DA:97,3
DA:100,3
DA:101,3
DA:104,3
DA:105,3
DA:106,3
DA:108,3
DA:109,3
DA:119,3
DA:120,3
DA:121,3
DA:122,3
DA:123,6
DA:128,3
DA:129,3
DA:132,3
DA:133,3
DA:134,3
DA:136,3
DA:137,3
DA:147,3
DA:148,3
DA:149,3
DA:150,3
DA:151,6
LF:69
LH:67
end_of_record
SF:lib\presentation\screens\transactions\all_transactions.dart
DA:11,4
DA:13,2
DA:14,2
DA:20,2
DA:22,2
DA:24,6
DA:25,6
DA:26,4
DA:29,2
DA:31,2
DA:32,2
DA:33,2
DA:35,2
DA:36,2
DA:38,2
DA:39,2
DA:40,2
DA:42,2
DA:43,2
DA:44,2
DA:45,0
DA:46,6
DA:51,4
DA:60,0
DA:61,0
DA:63,0
DA:64,0
DA:65,0
DA:70,0
DA:71,0
DA:72,0
LF:31
LH:22
end_of_record
SF:lib\presentation\widgets\core\empty_transactions.dart
DA:6,2
DA:8,1
DA:10,2
DA:12,1
DA:13,1
DA:14,1
DA:15,1
DA:18,1
DA:19,1
DA:21,2
DA:23,1
DA:26,1
DA:27,1
DA:28,0
DA:29,1
DA:30,1
DA:31,1
DA:35,3
LF:18
LH:17
end_of_record
SF:lib\presentation\widgets\home\transaction_item.dart
DA:17,5
DA:23,5
DA:25,5
DA:27,10
DA:28,10
DA:29,15
DA:32,10
DA:35,25
DA:37,5
DA:38,5
DA:39,0
DA:40,5
DA:41,0
DA:42,0
DA:43,0
DA:44,0
DA:45,0
DA:46,0
DA:47,0
DA:48,0
DA:49,0
DA:50,0
DA:51,0
DA:53,0
DA:57,5
DA:59,5
DA:60,5
DA:61,10
DA:62,5
DA:66,5
DA:69,5
DA:70,5
DA:71,10
DA:72,5
DA:73,5
DA:74,5
DA:77,5
DA:78,5
DA:79,5
DA:83,5
DA:84,5
DA:88,5
DA:89,5
DA:90,5
DA:91,5
DA:92,10
DA:95,15
DA:100,5
DA:101,5
DA:103,5
DA:106,5
DA:107,5
DA:108,10
DA:109,5
DA:110,5
DA:115,5
DA:117,5
DA:122,5
DA:123,20
DA:124,5
DA:126,10
DA:133,5
DA:134,5
DA:136,5
DA:139,5
DA:140,5
DA:141,20
DA:145,5
DA:146,20
DA:147,5
DA:148,10
DA:164,0
DA:165,0
DA:166,0
DA:167,0
LF:75
LH:58
end_of_record
SF:lib\presentation\widgets\transactions\transactions_list.dart
DA:8,6
DA:10,3
DA:12,3
DA:13,3
DA:14,6
DA:15,0
DA:16,6
DA:17,0
DA:18,8
DA:19,4
DA:21,2
DA:22,0
DA:24,0
DA:27,2
DA:29,2
DA:31,4
DA:32,4
DA:33,2
DA:34,4
DA:35,2
DA:36,4
DA:41,1
LF:22
LH:18
end_of_record
SF:lib\presentation\widgets\home\background_painter.dart
DA:4,3
DA:6,3
DA:7,3
DA:9,3
DA:12,3
DA:13,6
DA:14,9
DA:15,6
DA:16,3
DA:17,3
DA:19,6
DA:20,3
DA:23,3
DA:24,6
DA:25,6
DA:26,9
DA:27,9
DA:28,6
DA:29,3
DA:31,6
DA:32,3
DA:33,3
DA:36,3
DA:37,9
DA:38,9
DA:39,9
DA:40,21
DA:41,3
DA:43,6
DA:44,3
DA:47,3
DA:48,6
DA:49,9
DA:50,12
DA:51,3
DA:53,6
DA:54,3
DA:57,0
LF:38
LH:37
end_of_record
